Monitoring Shiny app directory for changes...
Tue Jan 14 07:09:26 PM UTC 2025 - Change detected: MODIFY app.R
Tue Jan 14 07:09:26 PM UTC 2025 - Restarting Shiny app...
Tue Jan 14 07:09:26 PM UTC 2025 - Shiny app restarted.
Tue Jan 14 07:09:26 PM UTC 2025 - Change detected: MODIFY app.R
Tue Jan 14 07:09:26 PM UTC 2025 - Restarting Shiny app...
Tue Jan 14 07:09:26 PM UTC 2025 - Shiny app restarted.
Tue Jan 14 07:10:14 PM UTC 2025 - Change detected: MODIFY app.R
Tue Jan 14 07:10:14 PM UTC 2025 - Restarting Shiny app...
Tue Jan 14 07:10:15 PM UTC 2025 - Shiny app restarted.
Tue Jan 14 07:10:15 PM UTC 2025 - Change detected: MODIFY app.R
Tue Jan 14 07:10:15 PM UTC 2025 - Restarting Shiny app...
Tue Jan 14 07:10:15 PM UTC 2025 - Shiny app restarted.
Tue Jan 14 07:10:31 PM UTC 2025 - Change detected: MODIFY app.R
Tue Jan 14 07:10:31 PM UTC 2025 - Restarting Shiny app...
Tue Jan 14 07:10:32 PM UTC 2025 - Shiny app restarted.
Tue Jan 14 07:10:32 PM UTC 2025 - Change detected: MODIFY app.R
Tue Jan 14 07:10:32 PM UTC 2025 - Restarting Shiny app...
Tue Jan 14 07:10:32 PM UTC 2025 - Shiny app restarted.
Tue Jan 14 07:13:13 PM UTC 2025 - Change detected: MODIFY app.R
Tue Jan 14 07:13:13 PM UTC 2025 - Restarting Shiny app...
Tue Jan 14 07:13:13 PM UTC 2025 - Shiny app restarted.
Tue Jan 14 07:13:13 PM UTC 2025 - Change detected: MODIFY app.R
Tue Jan 14 07:13:13 PM UTC 2025 - Restarting Shiny app...
Tue Jan 14 07:13:14 PM UTC 2025 - Shiny app restarted.
Tue Jan 14 07:14:02 PM UTC 2025 - Change detected: MODIFY app.R
Tue Jan 14 07:14:02 PM UTC 2025 - Restarting Shiny app...
Tue Jan 14 07:14:02 PM UTC 2025 - Shiny app restarted.
Tue Jan 14 07:14:02 PM UTC 2025 - Change detected: MODIFY app.R
Tue Jan 14 07:14:02 PM UTC 2025 - Restarting Shiny app...
Tue Jan 14 07:14:02 PM UTC 2025 - Shiny app restarted.
Tue Jan 14 07:15:44 PM UTC 2025 - Change detected: MODIFY app.R
Tue Jan 14 07:15:44 PM UTC 2025 - Restarting Shiny app...
Tue Jan 14 07:15:44 PM UTC 2025 - Shiny app restarted.
Tue Jan 14 07:15:44 PM UTC 2025 - Change detected: MODIFY app.R
Tue Jan 14 07:15:44 PM UTC 2025 - Restarting Shiny app...
Tue Jan 14 07:15:45 PM UTC 2025 - Shiny app restarted.
Tue Jan 14 07:16:17 PM UTC 2025 - Change detected: MODIFY app.R
Tue Jan 14 07:16:17 PM UTC 2025 - Restarting Shiny app...
Tue Jan 14 07:16:18 PM UTC 2025 - Shiny app restarted.
Tue Jan 14 07:16:18 PM UTC 2025 - Change detected: MODIFY app.R
Tue Jan 14 07:16:18 PM UTC 2025 - Restarting Shiny app...
Tue Jan 14 07:16:18 PM UTC 2025 - Shiny app restarted.
Tue Jan 14 07:16:48 PM UTC 2025 - Change detected: MODIFY app.R
Tue Jan 14 07:16:48 PM UTC 2025 - Restarting Shiny app...
Tue Jan 14 07:16:48 PM UTC 2025 - Shiny app restarted.
Tue Jan 14 07:16:48 PM UTC 2025 - Change detected: MODIFY app.R
Tue Jan 14 07:16:48 PM UTC 2025 - Restarting Shiny app...
Tue Jan 14 07:16:49 PM UTC 2025 - Shiny app restarted.
Tue Jan 14 07:18:16 PM UTC 2025 - Change detected: MODIFY app.R
Tue Jan 14 07:18:16 PM UTC 2025 - Restarting Shiny app...
Tue Jan 14 07:18:16 PM UTC 2025 - Shiny app restarted.
Tue Jan 14 07:18:16 PM UTC 2025 - Change detected: MODIFY app.R
Tue Jan 14 07:18:16 PM UTC 2025 - Restarting Shiny app...
Tue Jan 14 07:18:17 PM UTC 2025 - Shiny app restarted.
Tue Jan 14 07:18:24 PM UTC 2025 - Change detected: MODIFY app.R
Tue Jan 14 07:18:24 PM UTC 2025 - Restarting Shiny app...
Tue Jan 14 07:18:25 PM UTC 2025 - Shiny app restarted.
Tue Jan 14 07:18:25 PM UTC 2025 - Change detected: MODIFY app.R
Tue Jan 14 07:18:25 PM UTC 2025 - Restarting Shiny app...
Tue Jan 14 07:18:25 PM UTC 2025 - Shiny app restarted.
Sat Jan 18 04:00:54 PM UTC 2025 - Change detected: MODIFY app.R
Sat Jan 18 04:00:54 PM UTC 2025 - Restarting Shiny app...
Sat Jan 18 04:00:54 PM UTC 2025 - Shiny app restarted.
Sat Jan 18 04:00:54 PM UTC 2025 - Change detected: MODIFY app.R
Sat Jan 18 04:00:54 PM UTC 2025 - Restarting Shiny app...
Sat Jan 18 04:00:54 PM UTC 2025 - Shiny app restarted.
Sat Jan 18 04:02:26 PM UTC 2025 - Change detected: MODIFY app.R
Sat Jan 18 04:02:26 PM UTC 2025 - Restarting Shiny app...
Sat Jan 18 04:02:27 PM UTC 2025 - Shiny app restarted.
Sat Jan 18 04:02:27 PM UTC 2025 - Change detected: MODIFY app.R
Sat Jan 18 04:02:27 PM UTC 2025 - Restarting Shiny app...
Sat Jan 18 04:02:27 PM UTC 2025 - Shiny app restarted.
Sat Jan 18 04:02:43 PM UTC 2025 - Change detected: MODIFY app.R
Sat Jan 18 04:02:43 PM UTC 2025 - Restarting Shiny app...
Sat Jan 18 04:02:44 PM UTC 2025 - Shiny app restarted.
Sat Jan 18 04:02:44 PM UTC 2025 - Change detected: MODIFY app.R
Sat Jan 18 04:02:44 PM UTC 2025 - Restarting Shiny app...
Sat Jan 18 04:02:44 PM UTC 2025 - Shiny app restarted.
Sat Jan 18 04:06:52 PM UTC 2025 - Change detected: MODIFY app.R
Sat Jan 18 04:06:52 PM UTC 2025 - Restarting Shiny app...
Sat Jan 18 04:06:52 PM UTC 2025 - Shiny app restarted.
Sat Jan 18 04:06:52 PM UTC 2025 - Change detected: MODIFY app.R
Sat Jan 18 04:06:52 PM UTC 2025 - Restarting Shiny app...
Sat Jan 18 04:06:52 PM UTC 2025 - Shiny app restarted.
Sat Jan 18 04:08:23 PM UTC 2025 - Change detected: MODIFY app.R
Sat Jan 18 04:08:23 PM UTC 2025 - Restarting Shiny app...
Sat Jan 18 04:08:24 PM UTC 2025 - Shiny app restarted.
Sat Jan 18 04:08:24 PM UTC 2025 - Change detected: MODIFY app.R
Sat Jan 18 04:08:24 PM UTC 2025 - Restarting Shiny app...
Sat Jan 18 04:08:24 PM UTC 2025 - Shiny app restarted.
Sat Jan 18 04:09:01 PM UTC 2025 - Change detected: MODIFY app.R
Sat Jan 18 04:09:01 PM UTC 2025 - Restarting Shiny app...
Sat Jan 18 04:09:01 PM UTC 2025 - Shiny app restarted.
Sat Jan 18 04:09:01 PM UTC 2025 - Change detected: MODIFY app.R
Sat Jan 18 04:09:01 PM UTC 2025 - Restarting Shiny app...
Sat Jan 18 04:09:02 PM UTC 2025 - Shiny app restarted.
Sat Jan 18 04:20:52 PM UTC 2025 - Change detected: MODIFY app.R
Sat Jan 18 04:20:52 PM UTC 2025 - Restarting Shiny app...
Sat Jan 18 04:20:52 PM UTC 2025 - Shiny app restarted.
Sat Jan 18 04:20:52 PM UTC 2025 - Change detected: MODIFY app.R
Sat Jan 18 04:20:52 PM UTC 2025 - Restarting Shiny app...
Sat Jan 18 04:20:52 PM UTC 2025 - Shiny app restarted.
Sat Jan 18 04:22:00 PM UTC 2025 - Change detected: MODIFY app.R
Sat Jan 18 04:22:00 PM UTC 2025 - Restarting Shiny app...
Sat Jan 18 04:22:00 PM UTC 2025 - Shiny app restarted.
Sat Jan 18 04:22:00 PM UTC 2025 - Change detected: MODIFY app.R
Sat Jan 18 04:22:00 PM UTC 2025 - Restarting Shiny app...
Sat Jan 18 04:22:00 PM UTC 2025 - Shiny app restarted.
Sat Jan 18 04:52:07 PM UTC 2025 - Change detected: MODIFY app.R
Sat Jan 18 04:52:07 PM UTC 2025 - Restarting Shiny app...
Sat Jan 18 04:52:08 PM UTC 2025 - Shiny app restarted.
Sat Jan 18 04:52:08 PM UTC 2025 - Change detected: MODIFY app.R
Sat Jan 18 04:52:08 PM UTC 2025 - Restarting Shiny app...
Sat Jan 18 04:52:08 PM UTC 2025 - Shiny app restarted.
Sat Jan 18 04:54:33 PM UTC 2025 - Change detected: MODIFY app.R
Sat Jan 18 04:54:33 PM UTC 2025 - Restarting Shiny app...
Sat Jan 18 04:54:33 PM UTC 2025 - Shiny app restarted.
Sat Jan 18 04:54:33 PM UTC 2025 - Change detected: MODIFY app.R
Sat Jan 18 04:54:33 PM UTC 2025 - Restarting Shiny app...
Sat Jan 18 04:54:33 PM UTC 2025 - Shiny app restarted.
Sat Jan 18 04:55:58 PM UTC 2025 - Change detected: MODIFY app.R
Sat Jan 18 04:55:58 PM UTC 2025 - Restarting Shiny app...
Sat Jan 18 04:55:58 PM UTC 2025 - Shiny app restarted.
Sat Jan 18 04:55:58 PM UTC 2025 - Change detected: MODIFY app.R
Sat Jan 18 04:55:58 PM UTC 2025 - Restarting Shiny app...
Sat Jan 18 04:55:58 PM UTC 2025 - Shiny app restarted.
Sat Jan 18 04:56:59 PM UTC 2025 - Change detected: MODIFY app.R
Sat Jan 18 04:56:59 PM UTC 2025 - Restarting Shiny app...
Sat Jan 18 04:56:59 PM UTC 2025 - Shiny app restarted.
Sat Jan 18 04:56:59 PM UTC 2025 - Change detected: MODIFY app.R
Sat Jan 18 04:56:59 PM UTC 2025 - Restarting Shiny app...
Sat Jan 18 04:56:59 PM UTC 2025 - Shiny app restarted.
Sat Jan 18 04:57:42 PM UTC 2025 - Change detected: MODIFY app.R
Sat Jan 18 04:57:42 PM UTC 2025 - Restarting Shiny app...
Sat Jan 18 04:57:42 PM UTC 2025 - Shiny app restarted.
Sat Jan 18 04:57:42 PM UTC 2025 - Change detected: MODIFY app.R
Sat Jan 18 04:57:42 PM UTC 2025 - Restarting Shiny app...
Sat Jan 18 04:57:42 PM UTC 2025 - Shiny app restarted.
Sat Jan 18 05:19:40 PM UTC 2025 - Change detected: MODIFY app.R
Sat Jan 18 05:19:40 PM UTC 2025 - Restarting Shiny app...
Sat Jan 18 05:19:40 PM UTC 2025 - Shiny app restarted.
Sat Jan 18 05:19:40 PM UTC 2025 - Change detected: MODIFY app.R
Sat Jan 18 05:19:40 PM UTC 2025 - Restarting Shiny app...
Sat Jan 18 05:19:40 PM UTC 2025 - Shiny app restarted.
Sat Jan 18 05:21:12 PM UTC 2025 - Change detected: MODIFY app.R
Sat Jan 18 05:21:12 PM UTC 2025 - Restarting Shiny app...
Sat Jan 18 05:21:12 PM UTC 2025 - Shiny app restarted.
Sat Jan 18 05:21:12 PM UTC 2025 - Change detected: MODIFY app.R
Sat Jan 18 05:21:12 PM UTC 2025 - Restarting Shiny app...
Sat Jan 18 05:21:13 PM UTC 2025 - Shiny app restarted.
Sat Jan 18 05:22:22 PM UTC 2025 - Change detected: MODIFY app.R
Sat Jan 18 05:22:22 PM UTC 2025 - Restarting Shiny app...
Sat Jan 18 05:22:22 PM UTC 2025 - Shiny app restarted.
Sat Jan 18 05:22:22 PM UTC 2025 - Change detected: MODIFY app.R
Sat Jan 18 05:22:22 PM UTC 2025 - Restarting Shiny app...
Sat Jan 18 05:22:23 PM UTC 2025 - Shiny app restarted.
Sat Jan 18 05:22:55 PM UTC 2025 - Change detected: MODIFY app.R
Sat Jan 18 05:22:55 PM UTC 2025 - Restarting Shiny app...
Sat Jan 18 05:22:56 PM UTC 2025 - Shiny app restarted.
Sat Jan 18 05:29:55 PM UTC 2025 - Change detected: MODIFY app.R
Sat Jan 18 05:29:55 PM UTC 2025 - Restarting Shiny app...
Sat Jan 18 05:29:56 PM UTC 2025 - Shiny app restarted.
Sat Jan 18 05:29:56 PM UTC 2025 - Change detected: MODIFY app.R
Sat Jan 18 05:29:56 PM UTC 2025 - Restarting Shiny app...
Sat Jan 18 05:29:56 PM UTC 2025 - Shiny app restarted.
Sat Jan 18 05:30:49 PM UTC 2025 - Change detected: MODIFY app.R
Sat Jan 18 05:30:49 PM UTC 2025 - Restarting Shiny app...
Sat Jan 18 05:30:49 PM UTC 2025 - Shiny app restarted.
Sat Jan 18 05:30:49 PM UTC 2025 - Change detected: MODIFY app.R
Sat Jan 18 05:30:49 PM UTC 2025 - Restarting Shiny app...
Sat Jan 18 05:30:49 PM UTC 2025 - Shiny app restarted.
Sat Jan 18 05:31:11 PM UTC 2025 - Change detected: CREATE dhis2.svg
Sat Jan 18 05:31:11 PM UTC 2025 - Restarting Shiny app...
Sat Jan 18 05:31:11 PM UTC 2025 - Shiny app restarted.
Sat Jan 18 05:31:11 PM UTC 2025 - Change detected: MODIFY dhis2.svg
Sat Jan 18 05:31:11 PM UTC 2025 - Restarting Shiny app...
Sat Jan 18 05:31:12 PM UTC 2025 - Shiny app restarted.
Sat Jan 18 05:33:01 PM UTC 2025 - Change detected: MODIFY app.R
Sat Jan 18 05:33:01 PM UTC 2025 - Restarting Shiny app...
Sat Jan 18 05:33:01 PM UTC 2025 - Shiny app restarted.
Sat Jan 18 05:33:01 PM UTC 2025 - Change detected: MODIFY app.R
Sat Jan 18 05:33:01 PM UTC 2025 - Restarting Shiny app...
Sat Jan 18 05:33:01 PM UTC 2025 - Shiny app restarted.
Sat Jan 18 05:34:20 PM UTC 2025 - Change detected: MODIFY app.R
Sat Jan 18 05:34:20 PM UTC 2025 - Restarting Shiny app...
Sat Jan 18 05:34:20 PM UTC 2025 - Shiny app restarted.
Sat Jan 18 05:34:20 PM UTC 2025 - Change detected: MODIFY app.R
Sat Jan 18 05:34:20 PM UTC 2025 - Restarting Shiny app...
Sat Jan 18 05:34:21 PM UTC 2025 - Shiny app restarted.
Sat Jan 18 05:39:58 PM UTC 2025 - Change detected: MODIFY app.R
Sat Jan 18 05:39:58 PM UTC 2025 - Restarting Shiny app...
Sat Jan 18 05:39:58 PM UTC 2025 - Shiny app restarted.
Sat Jan 18 05:39:58 PM UTC 2025 - Change detected: MODIFY app.R
Sat Jan 18 05:39:58 PM UTC 2025 - Restarting Shiny app...
Sat Jan 18 05:39:59 PM UTC 2025 - Shiny app restarted.
Sat Jan 18 07:38:17 PM UTC 2025 - Change detected: MODIFY app.R
Sat Jan 18 07:38:17 PM UTC 2025 - Restarting Shiny app...
Sat Jan 18 07:38:17 PM UTC 2025 - Shiny app restarted.
Sat Jan 18 07:38:17 PM UTC 2025 - Change detected: MODIFY app.R
Sat Jan 18 07:38:17 PM UTC 2025 - Restarting Shiny app...
Sat Jan 18 07:38:17 PM UTC 2025 - Shiny app restarted.
Sat Jan 18 07:53:13 PM UTC 2025 - Change detected: MODIFY app.R
Sat Jan 18 07:53:13 PM UTC 2025 - Restarting Shiny app...
Sat Jan 18 07:53:14 PM UTC 2025 - Shiny app restarted.
Sat Jan 18 07:53:14 PM UTC 2025 - Change detected: MODIFY app.R
Sat Jan 18 07:53:14 PM UTC 2025 - Restarting Shiny app...
Sat Jan 18 07:53:14 PM UTC 2025 - Shiny app restarted.
Sat Jan 18 08:04:50 PM UTC 2025 - Change detected: MODIFY app.R
Sat Jan 18 08:04:50 PM UTC 2025 - Restarting Shiny app...
Sat Jan 18 08:04:50 PM UTC 2025 - Shiny app restarted.
Sat Jan 18 08:04:50 PM UTC 2025 - Change detected: MODIFY app.R
Sat Jan 18 08:04:50 PM UTC 2025 - Restarting Shiny app...
Sat Jan 18 08:04:50 PM UTC 2025 - Shiny app restarted.
Sat Jan 18 08:06:00 PM UTC 2025 - Change detected: MODIFY app.R
Sat Jan 18 08:06:00 PM UTC 2025 - Restarting Shiny app...
Sat Jan 18 08:06:00 PM UTC 2025 - Shiny app restarted.
Sat Jan 18 08:06:00 PM UTC 2025 - Change detected: MODIFY app.R
Sat Jan 18 08:06:00 PM UTC 2025 - Restarting Shiny app...
Sat Jan 18 08:06:00 PM UTC 2025 - Shiny app restarted.
Sat Jan 18 08:11:26 PM UTC 2025 - Change detected: MODIFY app.R
Sat Jan 18 08:11:26 PM UTC 2025 - Restarting Shiny app...
Sat Jan 18 08:11:26 PM UTC 2025 - Shiny app restarted.
Sat Jan 18 08:11:26 PM UTC 2025 - Change detected: MODIFY app.R
Sat Jan 18 08:11:26 PM UTC 2025 - Restarting Shiny app...
Sat Jan 18 08:11:27 PM UTC 2025 - Shiny app restarted.
Sat Jan 18 08:15:36 PM UTC 2025 - Change detected: MODIFY app.R
Sat Jan 18 08:15:36 PM UTC 2025 - Restarting Shiny app...
Sat Jan 18 08:15:37 PM UTC 2025 - Shiny app restarted.
Sat Jan 18 08:15:37 PM UTC 2025 - Change detected: MODIFY app.R
Sat Jan 18 08:15:37 PM UTC 2025 - Restarting Shiny app...
Sat Jan 18 08:15:37 PM UTC 2025 - Shiny app restarted.
Thu Jan 30 05:35:49 PM UTC 2025 - Change detected: MODIFY app.R
Thu Jan 30 05:35:49 PM UTC 2025 - Restarting Shiny app...
Thu Jan 30 05:35:49 PM UTC 2025 - Shiny app restarted.
Thu Jan 30 05:37:31 PM UTC 2025 - Change detected: MODIFY app.R
Thu Jan 30 05:37:31 PM UTC 2025 - Restarting Shiny app...
Thu Jan 30 05:37:31 PM UTC 2025 - Shiny app restarted.
Thu Jan 30 05:37:31 PM UTC 2025 - Change detected: MODIFY app.R
Thu Jan 30 05:37:31 PM UTC 2025 - Restarting Shiny app...
Thu Jan 30 05:37:31 PM UTC 2025 - Shiny app restarted.
Thu Jan 30 07:56:35 PM UTC 2025 - Change detected: CREATE server.R
Thu Jan 30 07:56:35 PM UTC 2025 - Restarting Shiny app...
Thu Jan 30 07:56:35 PM UTC 2025 - Shiny app restarted.
Thu Jan 30 07:56:59 PM UTC 2025 - Change detected: MODIFY server.R
Thu Jan 30 07:56:59 PM UTC 2025 - Restarting Shiny app...
Thu Jan 30 07:57:00 PM UTC 2025 - Shiny app restarted.
Thu Jan 30 07:57:00 PM UTC 2025 - Change detected: MODIFY server.R
Thu Jan 30 07:57:00 PM UTC 2025 - Restarting Shiny app...
Thu Jan 30 07:57:00 PM UTC 2025 - Shiny app restarted.
Thu Jan 30 07:57:44 PM UTC 2025 - Change detected: CREATE ui.R
Thu Jan 30 07:57:44 PM UTC 2025 - Restarting Shiny app...
Thu Jan 30 07:57:45 PM UTC 2025 - Shiny app restarted.
Thu Jan 30 07:57:58 PM UTC 2025 - Change detected: MODIFY ui.R
Thu Jan 30 07:57:58 PM UTC 2025 - Restarting Shiny app...
Thu Jan 30 07:57:58 PM UTC 2025 - Shiny app restarted.
Thu Jan 30 07:57:58 PM UTC 2025 - Change detected: MODIFY ui.R
Thu Jan 30 07:57:58 PM UTC 2025 - Restarting Shiny app...
Thu Jan 30 07:57:58 PM UTC 2025 - Shiny app restarted.
Thu Jan 30 07:58:05 PM UTC 2025 - Change detected: MODIFY dhis2_data.R
Thu Jan 30 07:58:05 PM UTC 2025 - Restarting Shiny app...
Thu Jan 30 07:58:05 PM UTC 2025 - Shiny app restarted.
Thu Jan 30 07:58:05 PM UTC 2025 - Change detected: MODIFY dhis2_data.R
Thu Jan 30 07:58:05 PM UTC 2025 - Restarting Shiny app...
Thu Jan 30 07:58:05 PM UTC 2025 - Shiny app restarted.
Thu Jan 30 07:59:33 PM UTC 2025 - Change detected: MODIFY app.R
Thu Jan 30 07:59:33 PM UTC 2025 - Restarting Shiny app...
Thu Jan 30 07:59:33 PM UTC 2025 - Shiny app restarted.
Thu Jan 30 07:59:33 PM UTC 2025 - Change detected: MODIFY app.R
Thu Jan 30 07:59:33 PM UTC 2025 - Restarting Shiny app...
Thu Jan 30 07:59:33 PM UTC 2025 - Shiny app restarted.
Thu Jan 30 08:09:38 PM UTC 2025 - Change detected: CREATE,ISDIR cd
Thu Jan 30 08:09:38 PM UTC 2025 - Restarting Shiny app...
Thu Jan 30 08:09:39 PM UTC 2025 - Shiny app restarted.
Thu Jan 30 08:14:15 PM UTC 2025 - Change detected: MODIFY server.R
Thu Jan 30 08:14:15 PM UTC 2025 - Restarting Shiny app...
Thu Jan 30 08:14:16 PM UTC 2025 - Shiny app restarted.
Thu Jan 30 08:14:16 PM UTC 2025 - Change detected: MODIFY server.R
Thu Jan 30 08:14:16 PM UTC 2025 - Restarting Shiny app...
Thu Jan 30 08:14:16 PM UTC 2025 - Shiny app restarted.
Fri Jan 31 07:50:15 PM UTC 2025 - Change detected: MODIFY server.R
Fri Jan 31 07:50:15 PM UTC 2025 - Restarting Shiny app...
Fri Jan 31 07:50:16 PM UTC 2025 - Shiny app restarted.
Fri Jan 31 07:50:16 PM UTC 2025 - Change detected: MODIFY server.R
Fri Jan 31 07:50:16 PM UTC 2025 - Restarting Shiny app...
Fri Jan 31 07:50:16 PM UTC 2025 - Shiny app restarted.
Fri Jan 31 07:50:44 PM UTC 2025 - Change detected: MODIFY server.R
Fri Jan 31 07:50:44 PM UTC 2025 - Restarting Shiny app...
Fri Jan 31 07:50:44 PM UTC 2025 - Shiny app restarted.
Fri Jan 31 07:50:44 PM UTC 2025 - Change detected: MODIFY server.R
Fri Jan 31 07:50:44 PM UTC 2025 - Restarting Shiny app...
Fri Jan 31 07:50:44 PM UTC 2025 - Shiny app restarted.
Fri Jan 31 07:51:08 PM UTC 2025 - Change detected: MODIFY ui.R
Fri Jan 31 07:51:08 PM UTC 2025 - Restarting Shiny app...
Fri Jan 31 07:51:08 PM UTC 2025 - Shiny app restarted.
Fri Jan 31 07:51:08 PM UTC 2025 - Change detected: MODIFY ui.R
Fri Jan 31 07:51:08 PM UTC 2025 - Restarting Shiny app...
Fri Jan 31 07:51:09 PM UTC 2025 - Shiny app restarted.
Fri Jan 31 07:52:24 PM UTC 2025 - Change detected: MODIFY dhis2_data.R
Fri Jan 31 07:52:24 PM UTC 2025 - Restarting Shiny app...
Fri Jan 31 07:52:24 PM UTC 2025 - Shiny app restarted.
Fri Jan 31 07:52:24 PM UTC 2025 - Change detected: MODIFY dhis2_data.R
Fri Jan 31 07:52:24 PM UTC 2025 - Restarting Shiny app...
Fri Jan 31 07:52:24 PM UTC 2025 - Shiny app restarted.
Fri Jan 31 07:56:09 PM UTC 2025 - Change detected: MODIFY dhis2_data.R
Fri Jan 31 07:56:09 PM UTC 2025 - Restarting Shiny app...
Fri Jan 31 07:56:10 PM UTC 2025 - Shiny app restarted.
Fri Jan 31 07:56:10 PM UTC 2025 - Change detected: MODIFY dhis2_data.R
Fri Jan 31 07:56:10 PM UTC 2025 - Restarting Shiny app...
Fri Jan 31 07:56:10 PM UTC 2025 - Shiny app restarted.
Fri Jan 31 07:57:24 PM UTC 2025 - Change detected: MODIFY server.R
Fri Jan 31 07:57:24 PM UTC 2025 - Restarting Shiny app...
Fri Jan 31 07:57:24 PM UTC 2025 - Shiny app restarted.
Fri Jan 31 07:57:24 PM UTC 2025 - Change detected: MODIFY server.R
Fri Jan 31 07:57:24 PM UTC 2025 - Restarting Shiny app...
Fri Jan 31 07:57:24 PM UTC 2025 - Shiny app restarted.
Fri Jan 31 08:02:22 PM UTC 2025 - Change detected: MODIFY ui.R
Fri Jan 31 08:02:22 PM UTC 2025 - Restarting Shiny app...
Fri Jan 31 08:02:22 PM UTC 2025 - Shiny app restarted.
Fri Jan 31 08:02:22 PM UTC 2025 - Change detected: MODIFY ui.R
Fri Jan 31 08:02:22 PM UTC 2025 - Restarting Shiny app...
Fri Jan 31 08:02:22 PM UTC 2025 - Shiny app restarted.
Fri Jan 31 08:02:28 PM UTC 2025 - Change detected: MODIFY ui.R
Fri Jan 31 08:02:28 PM UTC 2025 - Restarting Shiny app...
Fri Jan 31 08:02:28 PM UTC 2025 - Shiny app restarted.
Fri Jan 31 08:02:28 PM UTC 2025 - Change detected: MODIFY ui.R
Fri Jan 31 08:02:28 PM UTC 2025 - Restarting Shiny app...
Fri Jan 31 08:02:28 PM UTC 2025 - Shiny app restarted.
Fri Jan 31 08:02:34 PM UTC 2025 - Change detected: MODIFY server.R
Fri Jan 31 08:02:34 PM UTC 2025 - Restarting Shiny app...
Fri Jan 31 08:02:34 PM UTC 2025 - Shiny app restarted.
Fri Jan 31 08:02:34 PM UTC 2025 - Change detected: MODIFY server.R
Fri Jan 31 08:02:34 PM UTC 2025 - Restarting Shiny app...
Fri Jan 31 08:02:34 PM UTC 2025 - Shiny app restarted.
Fri Jan 31 08:02:43 PM UTC 2025 - Change detected: MODIFY dhis2_data.R
Fri Jan 31 08:02:43 PM UTC 2025 - Restarting Shiny app...
Fri Jan 31 08:02:43 PM UTC 2025 - Shiny app restarted.
Fri Jan 31 08:02:43 PM UTC 2025 - Change detected: MODIFY dhis2_data.R
Fri Jan 31 08:02:43 PM UTC 2025 - Restarting Shiny app...
Fri Jan 31 08:02:44 PM UTC 2025 - Shiny app restarted.
Fri Jan 31 08:03:05 PM UTC 2025 - Change detected: MODIFY dhis2_data.R
Fri Jan 31 08:03:05 PM UTC 2025 - Restarting Shiny app...
Fri Jan 31 08:03:05 PM UTC 2025 - Shiny app restarted.
Fri Jan 31 08:03:05 PM UTC 2025 - Change detected: MODIFY dhis2_data.R
Fri Jan 31 08:03:05 PM UTC 2025 - Restarting Shiny app...
Fri Jan 31 08:03:05 PM UTC 2025 - Shiny app restarted.
Fri Jan 31 08:03:28 PM UTC 2025 - Change detected: MODIFY dhis2_data.R
Fri Jan 31 08:03:28 PM UTC 2025 - Restarting Shiny app...
Fri Jan 31 08:03:28 PM UTC 2025 - Shiny app restarted.
Fri Jan 31 08:03:28 PM UTC 2025 - Change detected: MODIFY dhis2_data.R
Fri Jan 31 08:03:28 PM UTC 2025 - Restarting Shiny app...
Fri Jan 31 08:03:28 PM UTC 2025 - Shiny app restarted.
Fri Jan 31 08:03:53 PM UTC 2025 - Change detected: MODIFY server.R
Fri Jan 31 08:03:53 PM UTC 2025 - Restarting Shiny app...
Fri Jan 31 08:03:53 PM UTC 2025 - Shiny app restarted.
Fri Jan 31 08:03:53 PM UTC 2025 - Change detected: MODIFY server.R
Fri Jan 31 08:03:53 PM UTC 2025 - Restarting Shiny app...
Fri Jan 31 08:03:53 PM UTC 2025 - Shiny app restarted.
Fri Jan 31 08:04:40 PM UTC 2025 - Change detected: MODIFY server.R
Fri Jan 31 08:04:40 PM UTC 2025 - Restarting Shiny app...
Fri Jan 31 08:04:40 PM UTC 2025 - Shiny app restarted.
Fri Jan 31 08:04:40 PM UTC 2025 - Change detected: MODIFY server.R
Fri Jan 31 08:04:40 PM UTC 2025 - Restarting Shiny app...
Fri Jan 31 08:04:40 PM UTC 2025 - Shiny app restarted.
Fri Jan 31 08:05:12 PM UTC 2025 - Change detected: MODIFY server.R
Fri Jan 31 08:05:12 PM UTC 2025 - Restarting Shiny app...
Fri Jan 31 08:05:12 PM UTC 2025 - Shiny app restarted.
Fri Jan 31 08:05:12 PM UTC 2025 - Change detected: MODIFY server.R
Fri Jan 31 08:05:12 PM UTC 2025 - Restarting Shiny app...
Fri Jan 31 08:05:13 PM UTC 2025 - Shiny app restarted.
Fri Jan 31 08:05:16 PM UTC 2025 - Change detected: MODIFY dhis2_data.R
Fri Jan 31 08:05:16 PM UTC 2025 - Restarting Shiny app...
Fri Jan 31 08:05:16 PM UTC 2025 - Shiny app restarted.
Fri Jan 31 08:05:16 PM UTC 2025 - Change detected: MODIFY dhis2_data.R
Fri Jan 31 08:05:16 PM UTC 2025 - Restarting Shiny app...
Fri Jan 31 08:05:16 PM UTC 2025 - Shiny app restarted.
Sat Feb  1 07:05:01 PM UTC 2025 - Change detected: MODIFY ui.R
Sat Feb  1 07:05:01 PM UTC 2025 - Restarting Shiny app...
Sat Feb  1 07:05:01 PM UTC 2025 - Shiny app restarted.
Sat Feb  1 07:05:01 PM UTC 2025 - Change detected: MODIFY ui.R
Sat Feb  1 07:05:01 PM UTC 2025 - Restarting Shiny app...
Sat Feb  1 07:05:02 PM UTC 2025 - Shiny app restarted.
Sat Feb  1 07:05:41 PM UTC 2025 - Change detected: MODIFY dhis2_data.R
Sat Feb  1 07:05:41 PM UTC 2025 - Restarting Shiny app...
Sat Feb  1 07:05:41 PM UTC 2025 - Shiny app restarted.
Sat Feb  1 07:05:41 PM UTC 2025 - Change detected: MODIFY dhis2_data.R
Sat Feb  1 07:05:41 PM UTC 2025 - Restarting Shiny app...
Sat Feb  1 07:05:42 PM UTC 2025 - Shiny app restarted.
Sat Feb  1 07:07:37 PM UTC 2025 - Change detected: MODIFY server.R
Sat Feb  1 07:07:37 PM UTC 2025 - Restarting Shiny app...
Sat Feb  1 07:07:37 PM UTC 2025 - Shiny app restarted.
Sat Feb  1 07:07:37 PM UTC 2025 - Change detected: MODIFY server.R
Sat Feb  1 07:07:37 PM UTC 2025 - Restarting Shiny app...
Sat Feb  1 07:07:37 PM UTC 2025 - Shiny app restarted.
Sat Feb  1 07:07:59 PM UTC 2025 - Change detected: MODIFY server.R
Sat Feb  1 07:07:59 PM UTC 2025 - Restarting Shiny app...
Sat Feb  1 07:07:59 PM UTC 2025 - Shiny app restarted.
Sat Feb  1 07:07:59 PM UTC 2025 - Change detected: MODIFY server.R
Sat Feb  1 07:07:59 PM UTC 2025 - Restarting Shiny app...
Sat Feb  1 07:08:00 PM UTC 2025 - Shiny app restarted.
Monitoring Shiny app directory for changes...
Monitoring Shiny app directory for changes...
Sat Feb  1 07:40:18 PM UTC 2025 - Change detected: DELETE,ISDIR cd
Sat Feb  1 07:40:18 PM UTC 2025 - Change detected: DELETE,ISDIR cd
Sat Feb  1 07:40:18 PM UTC 2025 - Restarting Shiny app...
Sat Feb  1 07:40:18 PM UTC 2025 - Restarting Shiny app...
Sat Feb  1 07:40:19 PM UTC 2025 - Shiny app restarted.
Sat Feb  1 07:40:20 PM UTC 2025 - Shiny app restarted.
Sat Feb  1 07:44:20 PM UTC 2025 - Change detected: MODIFY dhis2_data.R
Sat Feb  1 07:44:20 PM UTC 2025 - Change detected: MODIFY dhis2_data.R
Sat Feb  1 07:44:20 PM UTC 2025 - Restarting Shiny app...
Sat Feb  1 07:44:20 PM UTC 2025 - Restarting Shiny app...
Sat Feb  1 07:44:20 PM UTC 2025 - Shiny app restarted.
Sat Feb  1 07:44:20 PM UTC 2025 - Change detected: MODIFY dhis2_data.R
Sat Feb  1 07:44:20 PM UTC 2025 - Restarting Shiny app...
Sat Feb  1 07:44:20 PM UTC 2025 - Shiny app restarted.
Sat Feb  1 07:44:20 PM UTC 2025 - Change detected: MODIFY dhis2_data.R
Sat Feb  1 07:44:20 PM UTC 2025 - Restarting Shiny app...
Sat Feb  1 07:44:20 PM UTC 2025 - Shiny app restarted.
Sat Feb  1 07:44:20 PM UTC 2025 - Shiny app restarted.
Sat Feb  1 07:45:10 PM UTC 2025 - Change detected: MODIFY dhis2_data.R
Sat Feb  1 07:45:10 PM UTC 2025 - Change detected: MODIFY dhis2_data.R
Sat Feb  1 07:45:10 PM UTC 2025 - Restarting Shiny app...
Sat Feb  1 07:45:10 PM UTC 2025 - Restarting Shiny app...
Sat Feb  1 07:45:10 PM UTC 2025 - Shiny app restarted.
Sat Feb  1 07:45:10 PM UTC 2025 - Change detected: MODIFY dhis2_data.R
Sat Feb  1 07:45:10 PM UTC 2025 - Restarting Shiny app...
Sat Feb  1 07:45:10 PM UTC 2025 - Shiny app restarted.
Sat Feb  1 07:45:10 PM UTC 2025 - Change detected: MODIFY dhis2_data.R
Sat Feb  1 07:45:10 PM UTC 2025 - Restarting Shiny app...
Sat Feb  1 07:45:10 PM UTC 2025 - Shiny app restarted.
Sat Feb  1 07:45:11 PM UTC 2025 - Shiny app restarted.
Sat Feb  1 07:45:23 PM UTC 2025 - Change detected: MODIFY ui.R
Sat Feb  1 07:45:23 PM UTC 2025 - Change detected: MODIFY ui.R
Sat Feb  1 07:45:23 PM UTC 2025 - Restarting Shiny app...
Sat Feb  1 07:45:23 PM UTC 2025 - Restarting Shiny app...
Sat Feb  1 07:45:23 PM UTC 2025 - Shiny app restarted.
Sat Feb  1 07:45:23 PM UTC 2025 - Change detected: MODIFY ui.R
Sat Feb  1 07:45:23 PM UTC 2025 - Restarting Shiny app...
Sat Feb  1 07:45:23 PM UTC 2025 - Shiny app restarted.
Sat Feb  1 07:45:23 PM UTC 2025 - Change detected: MODIFY ui.R
Sat Feb  1 07:45:23 PM UTC 2025 - Restarting Shiny app...
Sat Feb  1 07:45:23 PM UTC 2025 - Shiny app restarted.
Sat Feb  1 07:45:23 PM UTC 2025 - Shiny app restarted.
Sat Feb  1 07:45:33 PM UTC 2025 - Change detected: MODIFY server.R
Sat Feb  1 07:45:33 PM UTC 2025 - Change detected: MODIFY server.R
Sat Feb  1 07:45:33 PM UTC 2025 - Restarting Shiny app...
Sat Feb  1 07:45:33 PM UTC 2025 - Restarting Shiny app...
Sat Feb  1 07:45:34 PM UTC 2025 - Shiny app restarted.
Sat Feb  1 07:45:34 PM UTC 2025 - Change detected: MODIFY server.R
Sat Feb  1 07:45:34 PM UTC 2025 - Restarting Shiny app...
Sat Feb  1 07:45:34 PM UTC 2025 - Shiny app restarted.
Sat Feb  1 07:45:35 PM UTC 2025 - Shiny app restarted.
Sat Feb  1 07:45:35 PM UTC 2025 - Change detected: MODIFY server.R
Sat Feb  1 07:45:35 PM UTC 2025 - Restarting Shiny app...
Sat Feb  1 07:45:35 PM UTC 2025 - Shiny app restarted.
Sat Feb  1 07:45:39 PM UTC 2025 - Change detected: MODIFY server.R
Sat Feb  1 07:45:39 PM UTC 2025 - Change detected: MODIFY server.R
Sat Feb  1 07:45:39 PM UTC 2025 - Restarting Shiny app...
Sat Feb  1 07:45:39 PM UTC 2025 - Restarting Shiny app...
Sat Feb  1 07:45:39 PM UTC 2025 - Shiny app restarted.
Sat Feb  1 07:45:39 PM UTC 2025 - Change detected: MODIFY server.R
Sat Feb  1 07:45:39 PM UTC 2025 - Restarting Shiny app...
Sat Feb  1 07:45:39 PM UTC 2025 - Shiny app restarted.
Sat Feb  1 07:45:40 PM UTC 2025 - Shiny app restarted.
Sat Feb  1 07:45:40 PM UTC 2025 - Change detected: MODIFY server.R
Sat Feb  1 07:45:40 PM UTC 2025 - Restarting Shiny app...
Sat Feb  1 07:45:40 PM UTC 2025 - Shiny app restarted.
Sat Feb  1 07:50:05 PM UTC 2025 - Change detected: MODIFY dhis2_data.R
Sat Feb  1 07:50:05 PM UTC 2025 - Restarting Shiny app...
Sat Feb  1 07:50:05 PM UTC 2025 - Change detected: MODIFY dhis2_data.R
Sat Feb  1 07:50:05 PM UTC 2025 - Restarting Shiny app...
Sat Feb  1 07:50:05 PM UTC 2025 - Shiny app restarted.
Sat Feb  1 07:50:05 PM UTC 2025 - Shiny app restarted.
Sat Feb  1 07:50:05 PM UTC 2025 - Change detected: MODIFY dhis2_data.R
Sat Feb  1 07:50:05 PM UTC 2025 - Restarting Shiny app...
Sat Feb  1 07:50:06 PM UTC 2025 - Shiny app restarted.
Sat Feb  1 07:51:13 PM UTC 2025 - Change detected: MODIFY server.R
Sat Feb  1 07:51:13 PM UTC 2025 - Restarting Shiny app...
Sat Feb  1 07:51:13 PM UTC 2025 - Change detected: MODIFY server.R
Sat Feb  1 07:51:13 PM UTC 2025 - Restarting Shiny app...
Sat Feb  1 07:51:13 PM UTC 2025 - Shiny app restarted.
Sat Feb  1 07:51:13 PM UTC 2025 - Change detected: MODIFY server.R
Sat Feb  1 07:51:13 PM UTC 2025 - Restarting Shiny app...
Sat Feb  1 07:51:13 PM UTC 2025 - Shiny app restarted.
Sat Feb  1 07:51:14 PM UTC 2025 - Shiny app restarted.
Sat Feb  1 07:51:14 PM UTC 2025 - Change detected: MODIFY server.R
Sat Feb  1 07:51:14 PM UTC 2025 - Restarting Shiny app...
Sat Feb  1 07:51:14 PM UTC 2025 - Shiny app restarted.
Sat Feb  1 07:53:11 PM UTC 2025 - Change detected: MODIFY server.R
Sat Feb  1 07:53:11 PM UTC 2025 - Change detected: MODIFY server.R
Sat Feb  1 07:53:11 PM UTC 2025 - Restarting Shiny app...
Sat Feb  1 07:53:11 PM UTC 2025 - Restarting Shiny app...
Sat Feb  1 07:53:11 PM UTC 2025 - Shiny app restarted.
Sat Feb  1 07:53:11 PM UTC 2025 - Change detected: MODIFY server.R
Sat Feb  1 07:53:11 PM UTC 2025 - Restarting Shiny app...
Sat Feb  1 07:53:12 PM UTC 2025 - Shiny app restarted.
Sat Feb  1 07:53:12 PM UTC 2025 - Shiny app restarted.
Sat Feb  1 07:53:12 PM UTC 2025 - Change detected: MODIFY server.R
Sat Feb  1 07:53:12 PM UTC 2025 - Restarting Shiny app...
Sat Feb  1 07:53:13 PM UTC 2025 - Shiny app restarted.
Sat Feb  1 07:54:17 PM UTC 2025 - Change detected: MODIFY ui.R
Sat Feb  1 07:54:17 PM UTC 2025 - Change detected: MODIFY ui.R
Sat Feb  1 07:54:17 PM UTC 2025 - Restarting Shiny app...
Sat Feb  1 07:54:17 PM UTC 2025 - Restarting Shiny app...
Sat Feb  1 07:54:17 PM UTC 2025 - Shiny app restarted.
Sat Feb  1 07:54:17 PM UTC 2025 - Change detected: MODIFY ui.R
Sat Feb  1 07:54:17 PM UTC 2025 - Restarting Shiny app...
Sat Feb  1 07:54:17 PM UTC 2025 - Shiny app restarted.
Sat Feb  1 07:54:18 PM UTC 2025 - Shiny app restarted.
Sat Feb  1 07:54:18 PM UTC 2025 - Change detected: MODIFY ui.R
Sat Feb  1 07:54:18 PM UTC 2025 - Restarting Shiny app...
Sat Feb  1 07:54:18 PM UTC 2025 - Shiny app restarted.
Sun Feb  2 08:14:17 PM UTC 2025 - Change detected: MODIFY app.R
Sun Feb  2 08:14:17 PM UTC 2025 - Change detected: MODIFY app.R
Sun Feb  2 08:14:17 PM UTC 2025 - Restarting Shiny app...
Sun Feb  2 08:14:17 PM UTC 2025 - Restarting Shiny app...
Sun Feb  2 08:14:17 PM UTC 2025 - Shiny app restarted.
Sun Feb  2 08:14:18 PM UTC 2025 - Shiny app restarted.
Sun Feb  2 08:14:51 PM UTC 2025 - Change detected: MODIFY app.R
Sun Feb  2 08:14:51 PM UTC 2025 - Change detected: MODIFY app.R
Sun Feb  2 08:14:51 PM UTC 2025 - Restarting Shiny app...
Sun Feb  2 08:14:51 PM UTC 2025 - Restarting Shiny app...
Sun Feb  2 08:14:51 PM UTC 2025 - Shiny app restarted.
Sun Feb  2 08:14:51 PM UTC 2025 - Change detected: MODIFY app.R
Sun Feb  2 08:14:51 PM UTC 2025 - Restarting Shiny app...
Sun Feb  2 08:14:51 PM UTC 2025 - Shiny app restarted.
Sun Feb  2 08:14:52 PM UTC 2025 - Shiny app restarted.
Sun Feb  2 08:14:52 PM UTC 2025 - Change detected: MODIFY app.R
Sun Feb  2 08:14:52 PM UTC 2025 - Restarting Shiny app...
Sun Feb  2 08:14:52 PM UTC 2025 - Shiny app restarted.
Sun Feb  2 08:16:31 PM UTC 2025 - Change detected: MODIFY ui.R
Sun Feb  2 08:16:31 PM UTC 2025 - Change detected: MODIFY ui.R
Sun Feb  2 08:16:31 PM UTC 2025 - Restarting Shiny app...
Sun Feb  2 08:16:31 PM UTC 2025 - Restarting Shiny app...
Sun Feb  2 08:16:31 PM UTC 2025 - Shiny app restarted.
Sun Feb  2 08:16:31 PM UTC 2025 - Change detected: MODIFY ui.R
Sun Feb  2 08:16:31 PM UTC 2025 - Restarting Shiny app...
Sun Feb  2 08:16:32 PM UTC 2025 - Shiny app restarted.
Sun Feb  2 08:16:32 PM UTC 2025 - Shiny app restarted.
Sun Feb  2 08:16:32 PM UTC 2025 - Change detected: MODIFY ui.R
Sun Feb  2 08:16:32 PM UTC 2025 - Restarting Shiny app...
Sun Feb  2 08:16:33 PM UTC 2025 - Shiny app restarted.
Sun Feb  2 08:16:42 PM UTC 2025 - Change detected: MODIFY server.R
Sun Feb  2 08:16:42 PM UTC 2025 - Change detected: MODIFY server.R
Sun Feb  2 08:16:42 PM UTC 2025 - Restarting Shiny app...
Sun Feb  2 08:16:42 PM UTC 2025 - Restarting Shiny app...
Sun Feb  2 08:16:43 PM UTC 2025 - Shiny app restarted.
Sun Feb  2 08:16:43 PM UTC 2025 - Change detected: MODIFY server.R
Sun Feb  2 08:16:43 PM UTC 2025 - Restarting Shiny app...
Sun Feb  2 08:16:43 PM UTC 2025 - Shiny app restarted.
Sun Feb  2 08:16:43 PM UTC 2025 - Change detected: MODIFY server.R
Sun Feb  2 08:16:43 PM UTC 2025 - Restarting Shiny app...
Sun Feb  2 08:16:43 PM UTC 2025 - Shiny app restarted.
Sun Feb  2 08:16:44 PM UTC 2025 - Shiny app restarted.
Monitoring Shiny app directory for changes...
Monitoring Shiny app directory for changes...
Mon Feb  3 01:03:15 PM UTC 2025 - Change detected: MODIFY dhis2_data.R
Mon Feb  3 01:03:15 PM UTC 2025 - Restarting Shiny app...
Mon Feb  3 01:03:16 PM UTC 2025 - Shiny app restarted.
Mon Feb  3 01:03:16 PM UTC 2025 - Change detected: MODIFY dhis2_data.R
Mon Feb  3 01:03:16 PM UTC 2025 - Restarting Shiny app...
Mon Feb  3 01:03:16 PM UTC 2025 - Shiny app restarted.
Mon Feb  3 01:03:35 PM UTC 2025 - Change detected: MODIFY ui.R
Mon Feb  3 01:03:35 PM UTC 2025 - Restarting Shiny app...
Mon Feb  3 01:03:36 PM UTC 2025 - Shiny app restarted.
Mon Feb  3 01:03:36 PM UTC 2025 - Change detected: MODIFY ui.R
Mon Feb  3 01:03:36 PM UTC 2025 - Restarting Shiny app...
Mon Feb  3 01:03:36 PM UTC 2025 - Shiny app restarted.
Mon Feb  3 02:57:36 PM UTC 2025 - Change detected: MODIFY app.R
Mon Feb  3 02:57:36 PM UTC 2025 - Restarting Shiny app...
Mon Feb  3 02:57:37 PM UTC 2025 - Shiny app restarted.
Mon Feb  3 02:57:37 PM UTC 2025 - Change detected: MODIFY app.R
Mon Feb  3 02:57:37 PM UTC 2025 - Restarting Shiny app...
Mon Feb  3 02:57:37 PM UTC 2025 - Shiny app restarted.
Mon Feb  3 02:58:05 PM UTC 2025 - Change detected: MODIFY app.R
Mon Feb  3 02:58:05 PM UTC 2025 - Restarting Shiny app...
Mon Feb  3 02:58:05 PM UTC 2025 - Shiny app restarted.
Mon Feb  3 02:58:05 PM UTC 2025 - Change detected: MODIFY app.R
Mon Feb  3 02:58:05 PM UTC 2025 - Restarting Shiny app...
Mon Feb  3 02:58:06 PM UTC 2025 - Shiny app restarted.
Mon Feb  3 03:30:51 PM UTC 2025 - Change detected: MODIFY app.R
Mon Feb  3 03:30:51 PM UTC 2025 - Restarting Shiny app...
Mon Feb  3 03:30:51 PM UTC 2025 - Shiny app restarted.
Mon Feb  3 03:35:05 PM UTC 2025 - Change detected: MODIFY app.R
Mon Feb  3 03:35:05 PM UTC 2025 - Restarting Shiny app...
Mon Feb  3 03:35:05 PM UTC 2025 - Shiny app restarted.
Mon Feb  3 03:35:05 PM UTC 2025 - Change detected: MODIFY app.R
Mon Feb  3 03:35:05 PM UTC 2025 - Restarting Shiny app...
Mon Feb  3 03:35:06 PM UTC 2025 - Shiny app restarted.
Mon Feb  3 03:39:55 PM UTC 2025 - Change detected: MODIFY dhis2_data.R
Mon Feb  3 03:39:55 PM UTC 2025 - Restarting Shiny app...
Mon Feb  3 03:39:55 PM UTC 2025 - Shiny app restarted.
Mon Feb  3 03:39:55 PM UTC 2025 - Change detected: MODIFY dhis2_data.R
Mon Feb  3 03:39:55 PM UTC 2025 - Restarting Shiny app...
Mon Feb  3 03:39:56 PM UTC 2025 - Shiny app restarted.
Mon Feb  3 03:43:21 PM UTC 2025 - Change detected: MODIFY app.R
Mon Feb  3 03:43:21 PM UTC 2025 - Restarting Shiny app...
Mon Feb  3 03:43:22 PM UTC 2025 - Shiny app restarted.
Mon Feb  3 03:44:16 PM UTC 2025 - Change detected: MODIFY app.R
Mon Feb  3 03:44:16 PM UTC 2025 - Restarting Shiny app...
Mon Feb  3 03:44:16 PM UTC 2025 - Shiny app restarted.
Mon Feb  3 03:44:16 PM UTC 2025 - Change detected: MODIFY app.R
Mon Feb  3 03:44:16 PM UTC 2025 - Restarting Shiny app...
Mon Feb  3 03:44:17 PM UTC 2025 - Shiny app restarted.
Mon Feb  3 03:45:52 PM UTC 2025 - Change detected: MODIFY app.R
Mon Feb  3 03:45:52 PM UTC 2025 - Restarting Shiny app...
Mon Feb  3 03:45:53 PM UTC 2025 - Shiny app restarted.
Mon Feb  3 03:45:53 PM UTC 2025 - Change detected: MODIFY app.R
Mon Feb  3 03:45:53 PM UTC 2025 - Restarting Shiny app...
Mon Feb  3 03:45:53 PM UTC 2025 - Shiny app restarted.
Monitoring Shiny app directory for changes...
Monitoring Shiny app directory for changes...
Mon Feb  3 04:06:57 PM UTC 2025 - Monitoring Shiny app directory for changes...
Mon Feb  3 04:28:30 PM UTC 2025 - Monitoring Shiny app directory for changes...
Monitoring Shiny app directory for changes...
Monitoring Shiny app directory for changes...
Monitoring Shiny app directory for changes...
Monitoring Shiny app directory for changes...
Monitoring Shiny app directory for changes...
Mon Feb  3 04:57:35 PM UTC 2025 - Change detected: MODIFY app.R
Mon Feb  3 04:57:35 PM UTC 2025 - Change detected: MODIFY app.R
Mon Feb  3 04:57:35 PM UTC 2025 - Change detected: MODIFY app.R
Mon Feb  3 04:57:35 PM UTC 2025 - Change detected: MODIFY app.R
Mon Feb  3 04:57:35 PM UTC 2025 - Change detected: MODIFY app.R
Mon Feb  3 04:57:35 PM UTC 2025 - Restarting Shiny app...
Mon Feb  3 04:57:35 PM UTC 2025 - Restarting Shiny app...
Mon Feb  3 04:57:35 PM UTC 2025 - Restarting Shiny app...
Mon Feb  3 04:57:35 PM UTC 2025 - Restarting Shiny app...
Mon Feb  3 04:57:35 PM UTC 2025 - Restarting Shiny app...
Mon Feb  3 04:57:35 PM UTC 2025 - Shiny app restarted.
Mon Feb  3 04:57:35 PM UTC 2025 - Change detected: MODIFY app.R
Mon Feb  3 04:57:36 PM UTC 2025 - Restarting Shiny app...
Mon Feb  3 04:57:36 PM UTC 2025 - Shiny app restarted.
Mon Feb  3 04:57:36 PM UTC 2025 - Change detected: MODIFY app.R
Mon Feb  3 04:57:36 PM UTC 2025 - Restarting Shiny app...
Mon Feb  3 04:57:36 PM UTC 2025 - Shiny app restarted.
Mon Feb  3 04:57:36 PM UTC 2025 - Change detected: MODIFY app.R
Mon Feb  3 04:57:36 PM UTC 2025 - Restarting Shiny app...
Mon Feb  3 04:57:36 PM UTC 2025 - Shiny app restarted.
Mon Feb  3 04:57:36 PM UTC 2025 - Shiny app restarted.
Mon Feb  3 04:57:36 PM UTC 2025 - Shiny app restarted.
Mon Feb  3 04:57:36 PM UTC 2025 - Shiny app restarted.
Mon Feb  3 04:57:37 PM UTC 2025 - Shiny app restarted.
Mon Feb  3 04:57:37 PM UTC 2025 - Change detected: MODIFY app.R
Mon Feb  3 04:57:37 PM UTC 2025 - Restarting Shiny app...
Mon Feb  3 04:57:37 PM UTC 2025 - Shiny app restarted.
Monitoring Shiny app directory for changes...
Mon Feb  3 05:00:39 PM UTC 2025 - Change detected: MODIFY app.R
Mon Feb  3 05:00:39 PM UTC 2025 - Change detected: MODIFY app.R
Mon Feb  3 05:00:39 PM UTC 2025 - Change detected: MODIFY app.R
Mon Feb  3 05:00:39 PM UTC 2025 - Change detected: MODIFY app.R
Mon Feb  3 05:00:39 PM UTC 2025 - Change detected: MODIFY app.R
Mon Feb  3 05:00:39 PM UTC 2025 - Change detected: MODIFY app.R
Mon Feb  3 05:00:39 PM UTC 2025 - Restarting Shiny app...
Mon Feb  3 05:00:39 PM UTC 2025 - Restarting Shiny app...
Mon Feb  3 05:00:39 PM UTC 2025 - Restarting Shiny app...
Mon Feb  3 05:00:39 PM UTC 2025 - Restarting Shiny app...
Mon Feb  3 05:00:39 PM UTC 2025 - Restarting Shiny app...
Mon Feb  3 05:00:39 PM UTC 2025 - Restarting Shiny app...
Mon Feb  3 05:00:39 PM UTC 2025 - Shiny app restarted.
Mon Feb  3 05:00:39 PM UTC 2025 - Change detected: MODIFY app.R
Mon Feb  3 05:00:39 PM UTC 2025 - Restarting Shiny app...
Mon Feb  3 05:00:40 PM UTC 2025 - Shiny app restarted.
Mon Feb  3 05:00:40 PM UTC 2025 - Change detected: MODIFY app.R
Mon Feb  3 05:00:40 PM UTC 2025 - Restarting Shiny app...
Mon Feb  3 05:00:40 PM UTC 2025 - Shiny app restarted.
Mon Feb  3 05:00:40 PM UTC 2025 - Change detected: MODIFY app.R
Mon Feb  3 05:00:40 PM UTC 2025 - Restarting Shiny app...
Mon Feb  3 05:00:40 PM UTC 2025 - Shiny app restarted.
Mon Feb  3 05:00:40 PM UTC 2025 - Shiny app restarted.
Mon Feb  3 05:00:40 PM UTC 2025 - Shiny app restarted.
Mon Feb  3 05:00:40 PM UTC 2025 - Shiny app restarted.
Mon Feb  3 05:00:40 PM UTC 2025 - Change detected: MODIFY app.R
Mon Feb  3 05:00:40 PM UTC 2025 - Restarting Shiny app...
Mon Feb  3 05:00:41 PM UTC 2025 - Shiny app restarted.
Mon Feb  3 05:00:41 PM UTC 2025 - Shiny app restarted.
Mon Feb  3 05:00:41 PM UTC 2025 - Change detected: MODIFY app.R
Mon Feb  3 05:00:41 PM UTC 2025 - Restarting Shiny app...
Mon Feb  3 05:00:42 PM UTC 2025 - Shiny app restarted.
Mon Feb  3 05:00:42 PM UTC 2025 - Shiny app restarted.
Mon Feb  3 05:00:42 PM UTC 2025 - Change detected: MODIFY app.R
Mon Feb  3 05:00:42 PM UTC 2025 - Restarting Shiny app...
Mon Feb  3 05:00:43 PM UTC 2025 - Shiny app restarted.
Mon Feb  3 05:01:51 PM UTC 2025 - Change detected: MODIFY app.R
Mon Feb  3 05:01:51 PM UTC 2025 - Change detected: MODIFY app.R
Mon Feb  3 05:01:51 PM UTC 2025 - Change detected: MODIFY app.R
Mon Feb  3 05:01:51 PM UTC 2025 - Change detected: MODIFY app.R
Mon Feb  3 05:01:51 PM UTC 2025 - Change detected: MODIFY app.R
Mon Feb  3 05:01:51 PM UTC 2025 - Change detected: MODIFY app.R
Mon Feb  3 05:01:51 PM UTC 2025 - Restarting Shiny app...
Mon Feb  3 05:01:51 PM UTC 2025 - Restarting Shiny app...
Mon Feb  3 05:01:51 PM UTC 2025 - Restarting Shiny app...
Mon Feb  3 05:01:51 PM UTC 2025 - Restarting Shiny app...
Mon Feb  3 05:01:51 PM UTC 2025 - Restarting Shiny app...
Mon Feb  3 05:01:51 PM UTC 2025 - Restarting Shiny app...
Mon Feb  3 05:01:52 PM UTC 2025 - Shiny app restarted.
Mon Feb  3 05:01:52 PM UTC 2025 - Change detected: MODIFY app.R
Mon Feb  3 05:01:52 PM UTC 2025 - Restarting Shiny app...
Mon Feb  3 05:01:52 PM UTC 2025 - Shiny app restarted.
Mon Feb  3 05:01:52 PM UTC 2025 - Change detected: MODIFY app.R
Mon Feb  3 05:01:52 PM UTC 2025 - Restarting Shiny app...
Mon Feb  3 05:01:52 PM UTC 2025 - Shiny app restarted.
Mon Feb  3 05:01:53 PM UTC 2025 - Shiny app restarted.
Mon Feb  3 05:01:53 PM UTC 2025 - Shiny app restarted.
Mon Feb  3 05:01:54 PM UTC 2025 - Shiny app restarted.
Mon Feb  3 05:01:54 PM UTC 2025 - Change detected: MODIFY app.R
Mon Feb  3 05:01:54 PM UTC 2025 - Restarting Shiny app...
Mon Feb  3 05:01:54 PM UTC 2025 - Shiny app restarted.
Mon Feb  3 05:01:55 PM UTC 2025 - Shiny app restarted.
Mon Feb  3 05:01:55 PM UTC 2025 - Change detected: MODIFY app.R
Mon Feb  3 05:01:55 PM UTC 2025 - Restarting Shiny app...
Mon Feb  3 05:01:55 PM UTC 2025 - Shiny app restarted.
Mon Feb  3 05:01:56 PM UTC 2025 - Shiny app restarted.
Mon Feb  3 05:01:56 PM UTC 2025 - Change detected: MODIFY app.R
Mon Feb  3 05:01:56 PM UTC 2025 - Restarting Shiny app...
Mon Feb  3 05:01:56 PM UTC 2025 - Shiny app restarted.
Mon Feb  3 05:04:22 PM UTC 2025 - Change detected: MODIFY app.R
Mon Feb  3 05:04:22 PM UTC 2025 - Change detected: MODIFY app.R
Mon Feb  3 05:04:22 PM UTC 2025 - Change detected: MODIFY app.R
Mon Feb  3 05:04:22 PM UTC 2025 - Change detected: MODIFY app.R
Mon Feb  3 05:04:22 PM UTC 2025 - Change detected: MODIFY app.R
Mon Feb  3 05:04:22 PM UTC 2025 - Restarting Shiny app...
Mon Feb  3 05:04:22 PM UTC 2025 - Restarting Shiny app...
Mon Feb  3 05:04:22 PM UTC 2025 - Restarting Shiny app...
Mon Feb  3 05:04:22 PM UTC 2025 - Change detected: MODIFY app.R
Mon Feb  3 05:04:22 PM UTC 2025 - Restarting Shiny app...
Mon Feb  3 05:04:22 PM UTC 2025 - Restarting Shiny app...
Mon Feb  3 05:04:22 PM UTC 2025 - Restarting Shiny app...
Mon Feb  3 05:04:23 PM UTC 2025 - Shiny app restarted.
Mon Feb  3 05:04:23 PM UTC 2025 - Change detected: MODIFY app.R
Mon Feb  3 05:04:23 PM UTC 2025 - Restarting Shiny app...
Mon Feb  3 05:04:23 PM UTC 2025 - Shiny app restarted.
Mon Feb  3 05:04:23 PM UTC 2025 - Change detected: MODIFY app.R
Mon Feb  3 05:04:23 PM UTC 2025 - Restarting Shiny app...
Mon Feb  3 05:04:23 PM UTC 2025 - Shiny app restarted.
Mon Feb  3 05:04:23 PM UTC 2025 - Shiny app restarted.
Mon Feb  3 05:04:24 PM UTC 2025 - Shiny app restarted.
Mon Feb  3 05:04:24 PM UTC 2025 - Change detected: MODIFY app.R
Mon Feb  3 05:04:24 PM UTC 2025 - Restarting Shiny app...
Mon Feb  3 05:04:24 PM UTC 2025 - Shiny app restarted.
Mon Feb  3 05:04:24 PM UTC 2025 - Change detected: MODIFY app.R
Mon Feb  3 05:04:24 PM UTC 2025 - Restarting Shiny app...
Mon Feb  3 05:04:24 PM UTC 2025 - Shiny app restarted.
Mon Feb  3 05:04:24 PM UTC 2025 - Shiny app restarted.
Mon Feb  3 05:04:25 PM UTC 2025 - Shiny app restarted.
Mon Feb  3 05:04:25 PM UTC 2025 - Change detected: MODIFY app.R
Mon Feb  3 05:04:25 PM UTC 2025 - Restarting Shiny app...
Mon Feb  3 05:04:25 PM UTC 2025 - Shiny app restarted.
Mon Feb  3 05:04:26 PM UTC 2025 - Shiny app restarted.
Mon Feb  3 05:04:26 PM UTC 2025 - Change detected: MODIFY app.R
Mon Feb  3 05:04:26 PM UTC 2025 - Restarting Shiny app...
Mon Feb  3 05:04:26 PM UTC 2025 - Shiny app restarted.
Mon Feb  3 05:04:36 PM UTC 2025 - Change detected: MODIFY ui.R
Mon Feb  3 05:04:36 PM UTC 2025 - Change detected: MODIFY ui.R
Mon Feb  3 05:04:36 PM UTC 2025 - Change detected: MODIFY ui.R
Mon Feb  3 05:04:36 PM UTC 2025 - Change detected: MODIFY ui.R
Mon Feb  3 05:04:36 PM UTC 2025 - Change detected: MODIFY ui.R
Mon Feb  3 05:04:36 PM UTC 2025 - Restarting Shiny app...
Mon Feb  3 05:04:36 PM UTC 2025 - Restarting Shiny app...
Mon Feb  3 05:04:36 PM UTC 2025 - Restarting Shiny app...
Mon Feb  3 05:04:36 PM UTC 2025 - Restarting Shiny app...
Mon Feb  3 05:04:36 PM UTC 2025 - Change detected: MODIFY ui.R
Mon Feb  3 05:04:36 PM UTC 2025 - Restarting Shiny app...
Mon Feb  3 05:04:36 PM UTC 2025 - Restarting Shiny app...
Mon Feb  3 05:04:37 PM UTC 2025 - Shiny app restarted.
Mon Feb  3 05:04:37 PM UTC 2025 - Change detected: MODIFY ui.R
Mon Feb  3 05:04:37 PM UTC 2025 - Restarting Shiny app...
Mon Feb  3 05:04:37 PM UTC 2025 - Shiny app restarted.
Mon Feb  3 05:04:37 PM UTC 2025 - Change detected: MODIFY ui.R
Mon Feb  3 05:04:37 PM UTC 2025 - Restarting Shiny app...
Mon Feb  3 05:04:37 PM UTC 2025 - Shiny app restarted.
Mon Feb  3 05:04:37 PM UTC 2025 - Change detected: MODIFY ui.R
Mon Feb  3 05:04:37 PM UTC 2025 - Restarting Shiny app...
Mon Feb  3 05:04:37 PM UTC 2025 - Shiny app restarted.
Mon Feb  3 05:04:37 PM UTC 2025 - Change detected: MODIFY ui.R
Mon Feb  3 05:04:37 PM UTC 2025 - Restarting Shiny app...
Mon Feb  3 05:04:37 PM UTC 2025 - Shiny app restarted.
Mon Feb  3 05:04:37 PM UTC 2025 - Shiny app restarted.
Mon Feb  3 05:04:37 PM UTC 2025 - Shiny app restarted.
Mon Feb  3 05:04:37 PM UTC 2025 - Shiny app restarted.
Mon Feb  3 05:04:38 PM UTC 2025 - Shiny app restarted.
Mon Feb  3 05:04:38 PM UTC 2025 - Change detected: MODIFY ui.R
Mon Feb  3 05:04:38 PM UTC 2025 - Restarting Shiny app...
Mon Feb  3 05:04:38 PM UTC 2025 - Shiny app restarted.
Mon Feb  3 05:04:39 PM UTC 2025 - Shiny app restarted.
Mon Feb  3 05:04:39 PM UTC 2025 - Change detected: MODIFY ui.R
Mon Feb  3 05:04:39 PM UTC 2025 - Restarting Shiny app...
Mon Feb  3 05:04:39 PM UTC 2025 - Shiny app restarted.
Mon Feb  3 05:06:03 PM UTC 2025 - Change detected: MODIFY ui.R
Mon Feb  3 05:06:03 PM UTC 2025 - Change detected: MODIFY ui.R
Mon Feb  3 05:06:03 PM UTC 2025 - Change detected: MODIFY ui.R
Mon Feb  3 05:06:03 PM UTC 2025 - Change detected: MODIFY ui.R
Mon Feb  3 05:06:03 PM UTC 2025 - Change detected: MODIFY ui.R
Mon Feb  3 05:06:03 PM UTC 2025 - Change detected: MODIFY ui.R
Mon Feb  3 05:06:03 PM UTC 2025 - Restarting Shiny app...
Mon Feb  3 05:06:03 PM UTC 2025 - Restarting Shiny app...
Mon Feb  3 05:06:03 PM UTC 2025 - Restarting Shiny app...
Mon Feb  3 05:06:03 PM UTC 2025 - Restarting Shiny app...
Mon Feb  3 05:06:03 PM UTC 2025 - Restarting Shiny app...
Mon Feb  3 05:06:03 PM UTC 2025 - Restarting Shiny app...
Mon Feb  3 05:06:03 PM UTC 2025 - Shiny app restarted.
Mon Feb  3 05:06:03 PM UTC 2025 - Shiny app restarted.
Mon Feb  3 05:06:03 PM UTC 2025 - Shiny app restarted.
Mon Feb  3 05:06:03 PM UTC 2025 - Change detected: MODIFY ui.R
Mon Feb  3 05:06:03 PM UTC 2025 - Restarting Shiny app...
Mon Feb  3 05:06:04 PM UTC 2025 - Shiny app restarted.
Mon Feb  3 05:06:04 PM UTC 2025 - Change detected: MODIFY ui.R
Mon Feb  3 05:06:04 PM UTC 2025 - Restarting Shiny app...
Mon Feb  3 05:06:04 PM UTC 2025 - Shiny app restarted.
Mon Feb  3 05:06:04 PM UTC 2025 - Shiny app restarted.
Mon Feb  3 05:06:04 PM UTC 2025 - Shiny app restarted.
Mon Feb  3 05:06:05 PM UTC 2025 - Shiny app restarted.
Mon Feb  3 05:06:05 PM UTC 2025 - Change detected: MODIFY ui.R
Mon Feb  3 05:06:05 PM UTC 2025 - Restarting Shiny app...
Mon Feb  3 05:06:06 PM UTC 2025 - Shiny app restarted.
Mon Feb  3 05:11:32 PM UTC 2025 - Change detected: MODIFY app.R
Mon Feb  3 05:11:32 PM UTC 2025 - Change detected: MODIFY app.R
Mon Feb  3 05:11:32 PM UTC 2025 - Change detected: MODIFY app.R
Mon Feb  3 05:11:32 PM UTC 2025 - Change detected: MODIFY app.R
Mon Feb  3 05:11:32 PM UTC 2025 - Change detected: MODIFY app.R
Mon Feb  3 05:11:32 PM UTC 2025 - Change detected: MODIFY app.R
Mon Feb  3 05:11:32 PM UTC 2025 - Restarting Shiny app...
Mon Feb  3 05:11:32 PM UTC 2025 - Restarting Shiny app...
Mon Feb  3 05:11:32 PM UTC 2025 - Restarting Shiny app...
Mon Feb  3 05:11:32 PM UTC 2025 - Restarting Shiny app...
Mon Feb  3 05:11:32 PM UTC 2025 - Restarting Shiny app...
Mon Feb  3 05:11:32 PM UTC 2025 - Restarting Shiny app...
Mon Feb  3 05:11:33 PM UTC 2025 - Shiny app restarted.
Mon Feb  3 05:11:33 PM UTC 2025 - Change detected: MODIFY app.R
Mon Feb  3 05:11:33 PM UTC 2025 - Restarting Shiny app...
Mon Feb  3 05:11:33 PM UTC 2025 - Shiny app restarted.
Mon Feb  3 05:11:33 PM UTC 2025 - Change detected: MODIFY app.R
Mon Feb  3 05:11:33 PM UTC 2025 - Restarting Shiny app...
Mon Feb  3 05:11:33 PM UTC 2025 - Shiny app restarted.
Mon Feb  3 05:11:33 PM UTC 2025 - Shiny app restarted.
Mon Feb  3 05:11:34 PM UTC 2025 - Shiny app restarted.
Mon Feb  3 05:11:34 PM UTC 2025 - Change detected: MODIFY app.R
Mon Feb  3 05:11:34 PM UTC 2025 - Restarting Shiny app...
Mon Feb  3 05:11:34 PM UTC 2025 - Shiny app restarted.
Mon Feb  3 05:11:35 PM UTC 2025 - Shiny app restarted.
Mon Feb  3 05:11:35 PM UTC 2025 - Change detected: MODIFY app.R
Mon Feb  3 05:11:35 PM UTC 2025 - Restarting Shiny app...
Mon Feb  3 05:11:35 PM UTC 2025 - Shiny app restarted.
Mon Feb  3 05:11:36 PM UTC 2025 - Shiny app restarted.
Mon Feb  3 05:11:36 PM UTC 2025 - Change detected: MODIFY app.R
Mon Feb  3 05:11:36 PM UTC 2025 - Restarting Shiny app...
Mon Feb  3 05:11:36 PM UTC 2025 - Shiny app restarted.
Mon Feb  3 05:11:37 PM UTC 2025 - Shiny app restarted.
Mon Feb  3 05:11:37 PM UTC 2025 - Change detected: MODIFY app.R
Mon Feb  3 05:11:37 PM UTC 2025 - Restarting Shiny app...
Mon Feb  3 05:11:37 PM UTC 2025 - Shiny app restarted.
Mon Feb  3 05:13:15 PM UTC 2025 - Change detected: MODIFY app.R
Mon Feb  3 05:13:15 PM UTC 2025 - Change detected: MODIFY app.R
Mon Feb  3 05:13:15 PM UTC 2025 - Change detected: MODIFY app.R
Mon Feb  3 05:13:15 PM UTC 2025 - Change detected: MODIFY app.R
Mon Feb  3 05:13:15 PM UTC 2025 - Change detected: MODIFY app.R
Mon Feb  3 05:13:15 PM UTC 2025 - Change detected: MODIFY app.R
Mon Feb  3 05:13:15 PM UTC 2025 - Restarting Shiny app...
Mon Feb  3 05:13:15 PM UTC 2025 - Restarting Shiny app...
Mon Feb  3 05:13:15 PM UTC 2025 - Restarting Shiny app...
Mon Feb  3 05:13:15 PM UTC 2025 - Restarting Shiny app...
Mon Feb  3 05:13:15 PM UTC 2025 - Restarting Shiny app...
Mon Feb  3 05:13:15 PM UTC 2025 - Restarting Shiny app...
Mon Feb  3 05:13:15 PM UTC 2025 - Shiny app restarted.
Mon Feb  3 05:13:15 PM UTC 2025 - Change detected: MODIFY app.R
Mon Feb  3 05:13:15 PM UTC 2025 - Restarting Shiny app...
Mon Feb  3 05:13:15 PM UTC 2025 - Shiny app restarted.
Mon Feb  3 05:13:16 PM UTC 2025 - Shiny app restarted.
Mon Feb  3 05:13:16 PM UTC 2025 - Change detected: MODIFY app.R
Mon Feb  3 05:13:16 PM UTC 2025 - Restarting Shiny app...
Mon Feb  3 05:13:16 PM UTC 2025 - Shiny app restarted.
Mon Feb  3 05:13:17 PM UTC 2025 - Shiny app restarted.
Mon Feb  3 05:13:17 PM UTC 2025 - Change detected: MODIFY app.R
Mon Feb  3 05:13:17 PM UTC 2025 - Restarting Shiny app...
Mon Feb  3 05:13:17 PM UTC 2025 - Shiny app restarted.
Mon Feb  3 05:13:18 PM UTC 2025 - Shiny app restarted.
Mon Feb  3 05:13:19 PM UTC 2025 - Shiny app restarted.
Mon Feb  3 05:13:19 PM UTC 2025 - Change detected: MODIFY app.R
Mon Feb  3 05:13:19 PM UTC 2025 - Restarting Shiny app...
Mon Feb  3 05:13:19 PM UTC 2025 - Shiny app restarted.
Mon Feb  3 05:13:20 PM UTC 2025 - Shiny app restarted.
Mon Feb  3 05:13:20 PM UTC 2025 - Change detected: MODIFY app.R
Mon Feb  3 05:13:20 PM UTC 2025 - Restarting Shiny app...
Mon Feb  3 05:13:20 PM UTC 2025 - Shiny app restarted.
Mon Feb  3 05:13:48 PM UTC 2025 - Change detected: MODIFY app.R
Mon Feb  3 05:13:48 PM UTC 2025 - Change detected: MODIFY app.R
Mon Feb  3 05:13:48 PM UTC 2025 - Change detected: MODIFY app.R
Mon Feb  3 05:13:48 PM UTC 2025 - Change detected: MODIFY app.R
Mon Feb  3 05:13:48 PM UTC 2025 - Change detected: MODIFY app.R
Mon Feb  3 05:13:48 PM UTC 2025 - Restarting Shiny app...
Mon Feb  3 05:13:48 PM UTC 2025 - Change detected: MODIFY app.R
Mon Feb  3 05:13:48 PM UTC 2025 - Restarting Shiny app...
Mon Feb  3 05:13:48 PM UTC 2025 - Restarting Shiny app...
Mon Feb  3 05:13:48 PM UTC 2025 - Restarting Shiny app...
Mon Feb  3 05:13:48 PM UTC 2025 - Restarting Shiny app...
Mon Feb  3 05:13:48 PM UTC 2025 - Restarting Shiny app...
Mon Feb  3 05:13:49 PM UTC 2025 - Shiny app restarted.
Mon Feb  3 05:13:49 PM UTC 2025 - Change detected: MODIFY app.R
Mon Feb  3 05:13:49 PM UTC 2025 - Restarting Shiny app...
Mon Feb  3 05:13:49 PM UTC 2025 - Shiny app restarted.
Mon Feb  3 05:13:49 PM UTC 2025 - Change detected: MODIFY app.R
Mon Feb  3 05:13:49 PM UTC 2025 - Restarting Shiny app...
Mon Feb  3 05:13:49 PM UTC 2025 - Shiny app restarted.
Mon Feb  3 05:13:49 PM UTC 2025 - Change detected: MODIFY app.R
Mon Feb  3 05:13:49 PM UTC 2025 - Restarting Shiny app...
Mon Feb  3 05:13:49 PM UTC 2025 - Shiny app restarted.
Mon Feb  3 05:13:49 PM UTC 2025 - Change detected: MODIFY app.R
Mon Feb  3 05:13:49 PM UTC 2025 - Restarting Shiny app...
Mon Feb  3 05:13:49 PM UTC 2025 - Shiny app restarted.
Mon Feb  3 05:13:49 PM UTC 2025 - Shiny app restarted.
Mon Feb  3 05:13:49 PM UTC 2025 - Shiny app restarted.
Mon Feb  3 05:13:49 PM UTC 2025 - Shiny app restarted.
Mon Feb  3 05:13:50 PM UTC 2025 - Shiny app restarted.
Mon Feb  3 05:13:50 PM UTC 2025 - Change detected: MODIFY app.R
Mon Feb  3 05:13:50 PM UTC 2025 - Restarting Shiny app...
Mon Feb  3 05:13:50 PM UTC 2025 - Shiny app restarted.
Mon Feb  3 05:13:51 PM UTC 2025 - Shiny app restarted.
Mon Feb  3 05:13:51 PM UTC 2025 - Change detected: MODIFY app.R
Mon Feb  3 05:13:51 PM UTC 2025 - Restarting Shiny app...
Mon Feb  3 05:13:51 PM UTC 2025 - Shiny app restarted.
Mon Feb  3 05:17:36 PM UTC 2025 - Change detected: MODIFY app.R
Mon Feb  3 05:17:36 PM UTC 2025 - Change detected: MODIFY app.R
Mon Feb  3 05:17:36 PM UTC 2025 - Change detected: MODIFY app.R
Mon Feb  3 05:17:36 PM UTC 2025 - Change detected: MODIFY app.R
Mon Feb  3 05:17:36 PM UTC 2025 - Change detected: MODIFY app.R
Mon Feb  3 05:17:36 PM UTC 2025 - Change detected: MODIFY app.R
Mon Feb  3 05:17:36 PM UTC 2025 - Restarting Shiny app...
Mon Feb  3 05:17:36 PM UTC 2025 - Restarting Shiny app...
Mon Feb  3 05:17:36 PM UTC 2025 - Restarting Shiny app...
Mon Feb  3 05:17:36 PM UTC 2025 - Restarting Shiny app...
Mon Feb  3 05:17:36 PM UTC 2025 - Restarting Shiny app...
Mon Feb  3 05:17:36 PM UTC 2025 - Restarting Shiny app...
Mon Feb  3 05:17:36 PM UTC 2025 - Shiny app restarted.
Mon Feb  3 05:17:36 PM UTC 2025 - Shiny app restarted.
Mon Feb  3 05:17:37 PM UTC 2025 - Shiny app restarted.
Mon Feb  3 05:17:38 PM UTC 2025 - Shiny app restarted.
Mon Feb  3 05:17:39 PM UTC 2025 - Shiny app restarted.
Mon Feb  3 05:17:40 PM UTC 2025 - Shiny app restarted.
Mon Feb  3 05:34:10 PM UTC 2025 - Monitoring Shiny app directory for changes...
Monitoring Shiny app directory for changes...
Monitoring Shiny app directory for changes...
Monitoring Shiny app directory for changes...
Monitoring Shiny app directory for changes...
Monitoring Shiny app directory for changes...
Monitoring Shiny app directory for changes...
Monitoring Shiny app directory for changes...
Monitoring Shiny app directory for changes...
Monitoring Shiny app directory for changes...
Monitoring Shiny app directory for changes...
